C:\Users\PX\AppData\Roaming\Xilinx\Vitis\Lab1\solution1\.autopilot\db\MATRIX_MULT.pp.0.c:1664:2: warning: Added loop label VITIS_LOOP_17_1:   [xilinx-label-all-loops]
 for (int i=0; i<(1 << 6); i++){
 ^~~
 VITIS_LOOP_17_1: 
C:\Users\PX\AppData\Roaming\Xilinx\Vitis\Lab1\solution1\.autopilot\db\MATRIX_MULT.pp.0.c:1664:2: note: FIX-IT applied suggested code changes
C:\Users\PX\AppData\Roaming\Xilinx\Vitis\Lab1\solution1\.autopilot\db\MATRIX_MULT.pp.0.c:1665:3: warning: Added loop label VITIS_LOOP_18_2:   [xilinx-label-all-loops]
  for (int j=0; j<(1 << 6); j++){
  ^~~
  VITIS_LOOP_18_2: 
C:\Users\PX\AppData\Roaming\Xilinx\Vitis\Lab1\solution1\.autopilot\db\MATRIX_MULT.pp.0.c:1665:3: note: FIX-IT applied suggested code changes
C:\Users\PX\AppData\Roaming\Xilinx\Vitis\Lab1\solution1\.autopilot\db\MATRIX_MULT.pp.0.c:1672:2: warning: Added loop label VITIS_LOOP_25_1:   [xilinx-label-all-loops]
 for (int i=0; i<(1 << 6); i++){
 ^~~
 VITIS_LOOP_25_1: 
C:\Users\PX\AppData\Roaming\Xilinx\Vitis\Lab1\solution1\.autopilot\db\MATRIX_MULT.pp.0.c:1672:2: note: FIX-IT applied suggested code changes
C:\Users\PX\AppData\Roaming\Xilinx\Vitis\Lab1\solution1\.autopilot\db\MATRIX_MULT.pp.0.c:1673:3: warning: Added loop label VITIS_LOOP_26_2:   [xilinx-label-all-loops]
  for (int j=0; j<(1 << 6); j++){
  ^~~
  VITIS_LOOP_26_2: 
C:\Users\PX\AppData\Roaming\Xilinx\Vitis\Lab1\solution1\.autopilot\db\MATRIX_MULT.pp.0.c:1673:3: note: FIX-IT applied suggested code changes
C:\Users\PX\AppData\Roaming\Xilinx\Vitis\Lab1\solution1\.autopilot\db\MATRIX_MULT.pp.0.c:1688:2: warning: Added loop label VITIS_LOOP_33_1:   [xilinx-label-all-loops]
 for (int i=0; i<(1 << 6); i++){
 ^~~
 VITIS_LOOP_33_1: 
C:\Users\PX\AppData\Roaming\Xilinx\Vitis\Lab1\solution1\.autopilot\db\MATRIX_MULT.pp.0.c:1688:2: note: FIX-IT applied suggested code changes
C:\Users\PX\AppData\Roaming\Xilinx\Vitis\Lab1\solution1\.autopilot\db\MATRIX_MULT.pp.0.c:1689:3: warning: Added loop label VITIS_LOOP_34_2:   [xilinx-label-all-loops]
  for (int j=0; j<(1 << 6); j++){
  ^~~
  VITIS_LOOP_34_2: 
C:\Users\PX\AppData\Roaming\Xilinx\Vitis\Lab1\solution1\.autopilot\db\MATRIX_MULT.pp.0.c:1689:3: note: FIX-IT applied suggested code changes
C:\Users\PX\AppData\Roaming\Xilinx\Vitis\Lab1\solution1\.autopilot\db\MATRIX_MULT.pp.0.c:1691:4: warning: Added loop label VITIS_LOOP_36_3:   [xilinx-label-all-loops]
   for (int k=1; k<(1 << 6); k++){
   ^~~
   VITIS_LOOP_36_3: 
C:\Users\PX\AppData\Roaming\Xilinx\Vitis\Lab1\solution1\.autopilot\db\MATRIX_MULT.pp.0.c:1691:4: note: FIX-IT applied suggested code changes
