Vivado Simulator v2022.2
Copyright 1986-1999, 2001-2022 Xilinx, Inc. All Rights Reserved.
Running: C:/Xilinx/Vivado/2022.2/bin/unwrapped/win64.o/xelab.exe xil_defaultlib.apatb_matrixMultiplication_top glbl -Oenable_linking_all_libraries -prj matrixMultiplication.prj -L smartconnect_v1_0 -L axi_protocol_checker_v1_1_12 -L axi_protocol_checker_v1_1_13 -L axis_protocol_checker_v1_1_11 -L axis_protocol_checker_v1_1_12 -L xil_defaultlib -L unisims_ver -L xpm -L floating_point_v7_0_20 -L floating_point_v7_1_15 --lib ieee_proposed=./ieee_proposed -s matrixMultiplication -debug wave 
Multi-threading is on. Using 6 slave threads.
INFO: [VRFC 10-2263] Analyzing SystemVerilog file "C:/Users/PX/AppData/Roaming/Xilinx/Vitis/Lab1/solution1/sim/verilog/glbl.v" into library work
INFO: [VRFC 10-311] analyzing module glbl
INFO: [VRFC 10-2263] Analyzing SystemVerilog file "C:/Users/PX/AppData/Roaming/Xilinx/Vitis/Lab1/solution1/sim/verilog/AESL_automem_A.v" into library xil_defaultlib
INFO: [VRFC 10-311] analyzing module AESL_automem_A
INFO: [VRFC 10-2263] Analyzing SystemVerilog file "C:/Users/PX/AppData/Roaming/Xilinx/Vitis/Lab1/solution1/sim/verilog/AESL_automem_AB.v" into library xil_defaultlib
INFO: [VRFC 10-311] analyzing module AESL_automem_AB
INFO: [VRFC 10-2263] Analyzing SystemVerilog file "C:/Users/PX/AppData/Roaming/Xilinx/Vitis/Lab1/solution1/sim/verilog/AESL_automem_B.v" into library xil_defaultlib
INFO: [VRFC 10-311] analyzing module AESL_automem_B
INFO: [VRFC 10-2263] Analyzing SystemVerilog file "C:/Users/PX/AppData/Roaming/Xilinx/Vitis/Lab1/solution1/sim/verilog/matrixMultiplication.autotb.v" into library xil_defaultlib
INFO: [VRFC 10-311] analyzing module apatb_matrixMultiplication_top
INFO: [VRFC 10-2263] Analyzing SystemVerilog file "C:/Users/PX/AppData/Roaming/Xilinx/Vitis/Lab1/solution1/sim/verilog/matrixMultiplication.v" into library xil_defaultlib
INFO: [VRFC 10-311] analyzing module matrixMultiplication
INFO: [VRFC 10-2263] Analyzing SystemVerilog file "C:/Users/PX/AppData/Roaming/Xilinx/Vitis/Lab1/solution1/sim/verilog/matrixMultiplication_flow_control_loop_pipe.v" into library xil_defaultlib
INFO: [VRFC 10-311] analyzing module matrixMultiplication_flow_control_loop_pipe
INFO: [VRFC 10-2263] Analyzing SystemVerilog file "C:/Users/PX/AppData/Roaming/Xilinx/Vitis/Lab1/solution1/sim/verilog/matrixMultiplication_mac_muladd_8ns_8ns_16ns_17_4_1.v" into library xil_defaultlib
INFO: [VRFC 10-311] analyzing module matrixMultiplication_mac_muladd_8ns_8ns_16ns_17_4_1_DSP48_0
INFO: [VRFC 10-311] analyzing module matrixMultiplication_mac_muladd_8ns_8ns_16ns_17_4_1
INFO: [VRFC 10-2263] Analyzing SystemVerilog file "C:/Users/PX/AppData/Roaming/Xilinx/Vitis/Lab1/solution1/sim/verilog/matrixMultiplication_mac_muladd_8ns_8ns_17ns_18_4_1.v" into library xil_defaultlib
INFO: [VRFC 10-311] analyzing module matrixMultiplication_mac_muladd_8ns_8ns_17ns_18_4_1_DSP48_1
INFO: [VRFC 10-311] analyzing module matrixMultiplication_mac_muladd_8ns_8ns_17ns_18_4_1
INFO: [VRFC 10-2263] Analyzing SystemVerilog file "C:/Users/PX/AppData/Roaming/Xilinx/Vitis/Lab1/solution1/sim/verilog/matrixMultiplication_mul_8ns_8ns_16_1_1.v" into library xil_defaultlib
INFO: [VRFC 10-311] analyzing module matrixMultiplication_mul_8ns_8ns_16_1_1
INFO: [VRFC 10-2263] Analyzing SystemVerilog file "C:/Users/PX/AppData/Roaming/Xilinx/Vitis/Lab1/solution1/sim/verilog/dataflow_monitor.sv" into library xil_defaultlib
INFO: [VRFC 10-311] analyzing module dataflow_monitor
Starting static elaboration
Pass Through NonSizing Optimizer
Completed static elaboration
Starting simulation data flow analysis
Completed simulation data flow analysis
Time Resolution for simulation is 1ps
Compiling package xil_defaultlib.$unit_dataflow_monitor_sv
Compiling module xil_defaultlib.matrixMultiplication_mul_8ns_8ns...
Compiling module xil_defaultlib.matrixMultiplication_mac_muladd_...
Compiling module xil_defaultlib.matrixMultiplication_mac_muladd_...
Compiling module xil_defaultlib.matrixMultiplication_mac_muladd_...
Compiling module xil_defaultlib.matrixMultiplication_mac_muladd_...
Compiling module xil_defaultlib.matrixMultiplication_flow_contro...
Compiling module xil_defaultlib.matrixMultiplication
Compiling module xil_defaultlib.AESL_automem_A
Compiling module xil_defaultlib.AESL_automem_B
Compiling module xil_defaultlib.AESL_automem_AB
Compiling module xil_defaultlib.nodf_module_intf
Compiling module xil_defaultlib.upc_loop_intf(FSM_WIDTH=32)
Compiling module xil_defaultlib.dataflow_monitor_1
Compiling module xil_defaultlib.apatb_matrixMultiplication_top
Compiling module work.glbl
Built simulation snapshot matrixMultiplication
