   Build using "C:/Xilinx/Vitis_HLS/2022.2/tps/win64/msys64/mingw64/bin/g++"
   Compiling apatb_matrixMultiplication.cpp
   Compiling (apcc) MATRIX_MULT.c_pre.c.tb.c
INFO: [HLS 200-10] Running 'C:/Xilinx/Vitis_HLS/2022.2/bin/unwrapped/win64.o/apcc.exe'
INFO: [HLS 200-10] For user 'PX' on host 'desktop-ap48fcv' (Windows NT_amd64 version 6.2) on Wed Nov 06 13:12:13 +0200 2024
INFO: [HLS 200-10] In directory 'C:/Users/PX/AppData/Roaming/Xilinx/Vitis/Lab1/solution1/sim/wrapc'
clang: warning: argument unused during compilation: '-fno-builtin-isinf'
clang: warning: argument unused during compilation: '-fno-builtin-isnan'
INFO: [APCC 202-3] Tmp directory is apcc_db
INFO: [APCC 202-1] APCC is done.
INFO: [HLS 200-112] Total CPU user time: 1 seconds. Total CPU system time: 0 seconds. Total elapsed time: 2.366 seconds; peak allocated memory: 7.062 MB.
   Compiling (apcc) tb_MATRIX_MULT.c_pre.c.tb.c
INFO: [HLS 200-10] Running 'C:/Xilinx/Vitis_HLS/2022.2/bin/unwrapped/win64.o/apcc.exe'
INFO: [HLS 200-10] For user 'PX' on host 'desktop-ap48fcv' (Windows NT_amd64 version 6.2) on Wed Nov 06 13:12:20 +0200 2024
INFO: [HLS 200-10] In directory 'C:/Users/PX/AppData/Roaming/Xilinx/Vitis/Lab1/solution1/sim/wrapc'
clang: warning: argument unused during compilation: '-fno-builtin-isinf'
clang: warning: argument unused during compilation: '-fno-builtin-isnan'
INFO: [APCC 202-3] Tmp directory is apcc_db
INFO: [APCC 202-1] APCC is done.
INFO: [HLS 200-112] Total CPU user time: 0 seconds. Total CPU system time: 0 seconds. Total elapsed time: 1.891 seconds; peak allocated memory: 7.191 MB.
   Compiling apatb_matrixMultiplication_ir.ll
   Generating cosim.tv.exe
