

================================================================
== Synthesis Summary Report of 'matrixMultiplication'
================================================================
+ General Information: 
    * Date:           Wed Nov  6 12:43:25 2024
    * Version:        2022.2 (Build 3670227 on Oct 13 2022)
    * Project:        Lab1
    * Solution:       solution1 (Vivado IP Flow Target)
    * Product family: virtexuplus
    * Target device:  xcu200-fsgd2104-2-e
    

+ Performance & Resource Estimates: 
    
    PS: '+' for module; 'o' for loop; '*' for dataflow
    +------------------------------------+------+------+---------+-----------+----------+---------+------+----------+------+----------+------------+------------+-----+
    |               Modules              | Issue|      | Latency |  Latency  | Iteration|         | Trip |          |      |          |            |            |     |
    |               & Loops              | Type | Slack| (cycles)|    (ns)   |  Latency | Interval| Count| Pipelined| BRAM |    DSP   |     FF     |     LUT    | URAM|
    +------------------------------------+------+------+---------+-----------+----------+---------+------+----------+------+----------+------------+------------+-----+
    |+ matrixMultiplication              |     -|  1.79|   131091|  1.311e+06|         -|   131092|     -|        no|     -|  32 (~0%)|  1465 (~0%)|  4395 (~0%)|    -|
    | o VITIS_LOOP_33_1_VITIS_LOOP_34_2  |    II|  7.30|   131089|  1.311e+06|        50|       32|  4096|       yes|     -|         -|           -|           -|    -|
    +------------------------------------+------+------+---------+-----------+----------+---------+------+----------+------+----------+------------+------------+-----+


================================================================
== HW Interfaces
================================================================
* AP_MEMORY
+-------------+----------+
| Interface   | Bitwidth |
+-------------+----------+
| AB_address0 | 12       |
| AB_d0       | 32       |
| A_address0  | 12       |
| A_address1  | 12       |
| A_q0        | 8        |
| A_q1        | 8        |
| B_address0  | 12       |
| B_address1  | 12       |
| B_q0        | 8        |
| B_q1        | 8        |
+-------------+----------+

* TOP LEVEL CONTROL
+-----------+------------+-----------------------------------+
| Interface | Type       | Ports                             |
+-----------+------------+-----------------------------------+
| ap_clk    | clock      | ap_clk                            |
| ap_rst    | reset      | ap_rst                            |
| ap_ctrl   | ap_ctrl_hs | ap_done ap_idle ap_ready ap_start |
+-----------+------------+-----------------------------------+


================================================================
== SW I/O Information
================================================================
* Top Function Arguments
+----------+-----------+----------------+
| Argument | Direction | Datatype       |
+----------+-----------+----------------+
| A        | in        | unsigned char* |
| B        | in        | unsigned char* |
| AB       | out       | unsigned int*  |
+----------+-----------+----------------+

* SW-to-HW Mapping
+----------+--------------+---------+----------+
| Argument | HW Interface | HW Type | HW Usage |
+----------+--------------+---------+----------+
| A        | A_address0   | port    | offset   |
| A        | A_ce0        | port    |          |
| A        | A_q0         | port    |          |
| A        | A_address1   | port    | offset   |
| A        | A_ce1        | port    |          |
| A        | A_q1         | port    |          |
| B        | B_address0   | port    | offset   |
| B        | B_ce0        | port    |          |
| B        | B_q0         | port    |          |
| B        | B_address1   | port    | offset   |
| B        | B_ce1        | port    |          |
| B        | B_q1         | port    |          |
| AB       | AB_address0  | port    | offset   |
| AB       | AB_ce0       | port    |          |
| AB       | AB_we0       | port    |          |
| AB       | AB_d0        | port    |          |
+----------+--------------+---------+----------+


================================================================
== Bind Op Report
================================================================
+--------------------------------------+-----+--------+-------------+-----+--------+---------+
| Name                                 | DSP | Pragma | Variable    | Op  | Impl   | Latency |
+--------------------------------------+-----+--------+-------------+-----+--------+---------+
| + matrixMultiplication               | 32  |        |             |     |        |         |
|   add_ln33_1_fu_1501_p2              | -   |        | add_ln33_1  | add | fabric | 0       |
|   add_ln33_fu_1510_p2                | -   |        | add_ln33    | add | fabric | 0       |
|   add_ln37_62_fu_2276_p2             | -   |        | add_ln37_62 | add | fabric | 0       |
|   add_ln37_63_fu_1571_p2             | -   |        | add_ln37_63 | add | fabric | 0       |
|   add_ln37_64_fu_1628_p2             | -   |        | add_ln37_64 | add | fabric | 0       |
|   add_ln37_65_fu_1638_p2             | -   |        | add_ln37_65 | add | fabric | 0       |
|   add_ln37_66_fu_1671_p2             | -   |        | add_ln37_66 | add | fabric | 0       |
|   add_ln37_67_fu_1681_p2             | -   |        | add_ln37_67 | add | fabric | 0       |
|   add_ln37_68_fu_1724_p2             | -   |        | add_ln37_68 | add | fabric | 0       |
|   add_ln37_69_fu_1757_p2             | -   |        | add_ln37_69 | add | fabric | 0       |
|   add_ln37_70_fu_1767_p2             | -   |        | add_ln37_70 | add | fabric | 0       |
|   add_ln37_71_fu_1799_p2             | -   |        | add_ln37_71 | add | fabric | 0       |
|   add_ln37_72_fu_1809_p2             | -   |        | add_ln37_72 | add | fabric | 0       |
|   add_ln37_73_fu_1890_p2             | -   |        | add_ln37_73 | add | fabric | 0       |
|   add_ln37_74_fu_1923_p2             | -   |        | add_ln37_74 | add | fabric | 0       |
|   add_ln37_75_fu_1933_p2             | -   |        | add_ln37_75 | add | fabric | 0       |
|   add_ln37_76_fu_1965_p2             | -   |        | add_ln37_76 | add | fabric | 0       |
|   add_ln37_77_fu_1975_p2             | -   |        | add_ln37_77 | add | fabric | 0       |
|   add_ln37_78_fu_2007_p2             | -   |        | add_ln37_78 | add | fabric | 0       |
|   add_ln37_79_fu_2017_p2             | -   |        | add_ln37_79 | add | fabric | 0       |
|   add_ln37_80_fu_2056_p2             | -   |        | add_ln37_80 | add | fabric | 0       |
|   add_ln37_81_fu_2066_p2             | -   |        | add_ln37_81 | add | fabric | 0       |
|   add_ln35_fu_2076_p2                | -   |        | add_ln35    | add | fabric | 0       |
|   mul_8ns_8ns_16_1_1_U1              | -   |        | mul_ln37    | mul | auto   | 0       |
|   mac_muladd_8ns_8ns_17ns_18_4_1_U63 | 1   |        | mul_ln37_1  | mul | dsp48  | 3       |
|   mac_muladd_8ns_8ns_16ns_17_4_1_U32 | 1   |        | mul_ln37_2  | mul | dsp48  | 3       |
|   mul_8ns_8ns_16_1_1_U2              | -   |        | mul_ln37_3  | mul | auto   | 0       |
|   mac_muladd_8ns_8ns_16ns_17_4_1_U33 | 1   |        | mul_ln37_4  | mul | dsp48  | 3       |
|   mul_8ns_8ns_16_1_1_U3              | -   |        | mul_ln37_5  | mul | auto   | 0       |
|   mac_muladd_8ns_8ns_16ns_17_4_1_U34 | 1   |        | mul_ln37_6  | mul | dsp48  | 3       |
|   mul_8ns_8ns_16_1_1_U4              | -   |        | mul_ln37_7  | mul | auto   | 0       |
|   mac_muladd_8ns_8ns_16ns_17_4_1_U35 | 1   |        | mul_ln37_8  | mul | dsp48  | 3       |
|   mul_8ns_8ns_16_1_1_U5              | -   |        | mul_ln37_9  | mul | auto   | 0       |
|   mac_muladd_8ns_8ns_16ns_17_4_1_U36 | 1   |        | mul_ln37_10 | mul | dsp48  | 3       |
|   mul_8ns_8ns_16_1_1_U6              | -   |        | mul_ln37_11 | mul | auto   | 0       |
|   mac_muladd_8ns_8ns_16ns_17_4_1_U37 | 1   |        | mul_ln37_12 | mul | dsp48  | 3       |
|   mul_8ns_8ns_16_1_1_U7              | -   |        | mul_ln37_13 | mul | auto   | 0       |
|   mac_muladd_8ns_8ns_16ns_17_4_1_U38 | 1   |        | mul_ln37_14 | mul | dsp48  | 3       |
|   mul_8ns_8ns_16_1_1_U8              | -   |        | mul_ln37_15 | mul | auto   | 0       |
|   mac_muladd_8ns_8ns_16ns_17_4_1_U39 | 1   |        | mul_ln37_16 | mul | dsp48  | 3       |
|   mul_8ns_8ns_16_1_1_U9              | -   |        | mul_ln37_17 | mul | auto   | 0       |
|   mac_muladd_8ns_8ns_16ns_17_4_1_U40 | 1   |        | mul_ln37_18 | mul | dsp48  | 3       |
|   mul_8ns_8ns_16_1_1_U10             | -   |        | mul_ln37_19 | mul | auto   | 0       |
|   mac_muladd_8ns_8ns_16ns_17_4_1_U41 | 1   |        | mul_ln37_20 | mul | dsp48  | 3       |
|   mul_8ns_8ns_16_1_1_U11             | -   |        | mul_ln37_21 | mul | auto   | 0       |
|   mac_muladd_8ns_8ns_16ns_17_4_1_U42 | 1   |        | mul_ln37_22 | mul | dsp48  | 3       |
|   mul_8ns_8ns_16_1_1_U12             | -   |        | mul_ln37_23 | mul | auto   | 0       |
|   mac_muladd_8ns_8ns_16ns_17_4_1_U43 | 1   |        | mul_ln37_24 | mul | dsp48  | 3       |
|   mul_8ns_8ns_16_1_1_U13             | -   |        | mul_ln37_25 | mul | auto   | 0       |
|   mac_muladd_8ns_8ns_16ns_17_4_1_U44 | 1   |        | mul_ln37_26 | mul | dsp48  | 3       |
|   mul_8ns_8ns_16_1_1_U14             | -   |        | mul_ln37_27 | mul | auto   | 0       |
|   mac_muladd_8ns_8ns_16ns_17_4_1_U45 | 1   |        | mul_ln37_28 | mul | dsp48  | 3       |
|   mul_8ns_8ns_16_1_1_U15             | -   |        | mul_ln37_29 | mul | auto   | 0       |
|   mac_muladd_8ns_8ns_16ns_17_4_1_U46 | 1   |        | mul_ln37_30 | mul | dsp48  | 3       |
|   mul_8ns_8ns_16_1_1_U16             | -   |        | mul_ln37_31 | mul | auto   | 0       |
|   mac_muladd_8ns_8ns_16ns_17_4_1_U47 | 1   |        | mul_ln37_32 | mul | dsp48  | 3       |
|   mul_8ns_8ns_16_1_1_U17             | -   |        | mul_ln37_33 | mul | auto   | 0       |
|   mac_muladd_8ns_8ns_16ns_17_4_1_U48 | 1   |        | mul_ln37_34 | mul | dsp48  | 3       |
|   mul_8ns_8ns_16_1_1_U18             | -   |        | mul_ln37_35 | mul | auto   | 0       |
|   mac_muladd_8ns_8ns_16ns_17_4_1_U49 | 1   |        | mul_ln37_36 | mul | dsp48  | 3       |
|   mul_8ns_8ns_16_1_1_U19             | -   |        | mul_ln37_37 | mul | auto   | 0       |
|   mac_muladd_8ns_8ns_16ns_17_4_1_U50 | 1   |        | mul_ln37_38 | mul | dsp48  | 3       |
|   mul_8ns_8ns_16_1_1_U20             | -   |        | mul_ln37_39 | mul | auto   | 0       |
|   mac_muladd_8ns_8ns_16ns_17_4_1_U51 | 1   |        | mul_ln37_40 | mul | dsp48  | 3       |
|   mul_8ns_8ns_16_1_1_U21             | -   |        | mul_ln37_41 | mul | auto   | 0       |
|   mac_muladd_8ns_8ns_16ns_17_4_1_U52 | 1   |        | mul_ln37_42 | mul | dsp48  | 3       |
|   mul_8ns_8ns_16_1_1_U22             | -   |        | mul_ln37_43 | mul | auto   | 0       |
|   mac_muladd_8ns_8ns_16ns_17_4_1_U53 | 1   |        | mul_ln37_44 | mul | dsp48  | 3       |
|   mul_8ns_8ns_16_1_1_U23             | -   |        | mul_ln37_45 | mul | auto   | 0       |
|   mac_muladd_8ns_8ns_16ns_17_4_1_U54 | 1   |        | mul_ln37_46 | mul | dsp48  | 3       |
|   mul_8ns_8ns_16_1_1_U24             | -   |        | mul_ln37_47 | mul | auto   | 0       |
|   mac_muladd_8ns_8ns_16ns_17_4_1_U55 | 1   |        | mul_ln37_48 | mul | dsp48  | 3       |
|   mul_8ns_8ns_16_1_1_U25             | -   |        | mul_ln37_49 | mul | auto   | 0       |
|   mac_muladd_8ns_8ns_16ns_17_4_1_U56 | 1   |        | mul_ln37_50 | mul | dsp48  | 3       |
|   mul_8ns_8ns_16_1_1_U26             | -   |        | mul_ln37_51 | mul | auto   | 0       |
|   mac_muladd_8ns_8ns_16ns_17_4_1_U57 | 1   |        | mul_ln37_52 | mul | dsp48  | 3       |
|   mul_8ns_8ns_16_1_1_U27             | -   |        | mul_ln37_53 | mul | auto   | 0       |
|   mac_muladd_8ns_8ns_16ns_17_4_1_U58 | 1   |        | mul_ln37_54 | mul | dsp48  | 3       |
|   mul_8ns_8ns_16_1_1_U28             | -   |        | mul_ln37_55 | mul | auto   | 0       |
|   mac_muladd_8ns_8ns_16ns_17_4_1_U59 | 1   |        | mul_ln37_56 | mul | dsp48  | 3       |
|   mul_8ns_8ns_16_1_1_U29             | -   |        | mul_ln37_57 | mul | auto   | 0       |
|   mac_muladd_8ns_8ns_16ns_17_4_1_U60 | 1   |        | mul_ln37_58 | mul | dsp48  | 3       |
|   mul_8ns_8ns_16_1_1_U30             | -   |        | mul_ln37_59 | mul | auto   | 0       |
|   mac_muladd_8ns_8ns_16ns_17_4_1_U61 | 1   |        | mul_ln37_60 | mul | dsp48  | 3       |
|   mul_8ns_8ns_16_1_1_U31             | -   |        | mul_ln37_61 | mul | auto   | 0       |
|   mac_muladd_8ns_8ns_16ns_17_4_1_U62 | 1   |        | mul_ln37_62 | mul | dsp48  | 3       |
|   mac_muladd_8ns_8ns_16ns_17_4_1_U32 | 1   |        | add_ln37    | add | dsp48  | 3       |
|   mac_muladd_8ns_8ns_17ns_18_4_1_U63 | 1   |        | add_ln37_1  | add | dsp48  | 3       |
|   mac_muladd_8ns_8ns_16ns_17_4_1_U33 | 1   |        | add_ln37_2  | add | dsp48  | 3       |
|   mac_muladd_8ns_8ns_16ns_17_4_1_U34 | 1   |        | add_ln37_3  | add | dsp48  | 3       |
|   add_ln37_4_fu_2593_p2              | -   |        | add_ln37_4  | add | fabric | 0       |
|   add_ln37_5_fu_4025_p2              | -   |        | add_ln37_5  | add | fabric | 0       |
|   mac_muladd_8ns_8ns_16ns_17_4_1_U35 | 1   |        | add_ln37_6  | add | dsp48  | 3       |
|   mac_muladd_8ns_8ns_16ns_17_4_1_U36 | 1   |        | add_ln37_7  | add | dsp48  | 3       |
|   add_ln37_8_fu_2737_p2              | -   |        | add_ln37_8  | add | fabric | 0       |
|   mac_muladd_8ns_8ns_16ns_17_4_1_U37 | 1   |        | add_ln37_9  | add | dsp48  | 3       |
|   mac_muladd_8ns_8ns_16ns_17_4_1_U38 | 1   |        | add_ln37_10 | add | dsp48  | 3       |
|   add_ln37_11_fu_2892_p2             | -   |        | add_ln37_11 | add | fabric | 0       |
|   add_ln37_12_fu_2902_p2             | -   |        | add_ln37_12 | add | fabric | 0       |
|   add_ln37_13_fu_4038_p2             | -   |        | add_ln37_13 | add | fabric | 0       |
|   mac_muladd_8ns_8ns_16ns_17_4_1_U39 | 1   |        | add_ln37_14 | add | dsp48  | 3       |
|   mac_muladd_8ns_8ns_16ns_17_4_1_U40 | 1   |        | add_ln37_15 | add | dsp48  | 3       |
|   add_ln37_16_fu_3058_p2             | -   |        | add_ln37_16 | add | fabric | 0       |
|   mac_muladd_8ns_8ns_16ns_17_4_1_U41 | 1   |        | add_ln37_17 | add | dsp48  | 3       |
|   mac_muladd_8ns_8ns_16ns_17_4_1_U42 | 1   |        | add_ln37_18 | add | dsp48  | 3       |
|   add_ln37_19_fu_3205_p2             | -   |        | add_ln37_19 | add | fabric | 0       |
|   add_ln37_20_fu_3215_p2             | -   |        | add_ln37_20 | add | fabric | 0       |
|   mac_muladd_8ns_8ns_16ns_17_4_1_U43 | 1   |        | add_ln37_21 | add | dsp48  | 3       |
|   mac_muladd_8ns_8ns_16ns_17_4_1_U44 | 1   |        | add_ln37_22 | add | dsp48  | 3       |
|   add_ln37_23_fu_3361_p2             | -   |        | add_ln37_23 | add | fabric | 0       |
|   mac_muladd_8ns_8ns_16ns_17_4_1_U45 | 1   |        | add_ln37_24 | add | dsp48  | 3       |
|   mac_muladd_8ns_8ns_16ns_17_4_1_U46 | 1   |        | add_ln37_25 | add | dsp48  | 3       |
|   add_ln37_26_fu_3459_p2             | -   |        | add_ln37_26 | add | fabric | 0       |
|   add_ln37_27_fu_3469_p2             | -   |        | add_ln37_27 | add | fabric | 0       |
|   add_ln37_28_fu_3479_p2             | -   |        | add_ln37_28 | add | fabric | 0       |
|   add_ln37_29_fu_4051_p2             | -   |        | add_ln37_29 | add | fabric | 0       |
|   mac_muladd_8ns_8ns_16ns_17_4_1_U47 | 1   |        | add_ln37_30 | add | dsp48  | 3       |
|   mac_muladd_8ns_8ns_16ns_17_4_1_U48 | 1   |        | add_ln37_31 | add | dsp48  | 3       |
|   add_ln37_32_fu_3539_p2             | -   |        | add_ln37_32 | add | fabric | 0       |
|   mac_muladd_8ns_8ns_16ns_17_4_1_U49 | 1   |        | add_ln37_33 | add | dsp48  | 3       |
|   mac_muladd_8ns_8ns_16ns_17_4_1_U50 | 1   |        | add_ln37_34 | add | dsp48  | 3       |
|   add_ln37_35_fu_3602_p2             | -   |        | add_ln37_35 | add | fabric | 0       |
|   add_ln37_36_fu_3612_p2             | -   |        | add_ln37_36 | add | fabric | 0       |
|   mac_muladd_8ns_8ns_16ns_17_4_1_U51 | 1   |        | add_ln37_37 | add | dsp48  | 3       |
|   mac_muladd_8ns_8ns_16ns_17_4_1_U52 | 1   |        | add_ln37_38 | add | dsp48  | 3       |
|   add_ln37_39_fu_3672_p2             | -   |        | add_ln37_39 | add | fabric | 0       |
|   mac_muladd_8ns_8ns_16ns_17_4_1_U53 | 1   |        | add_ln37_40 | add | dsp48  | 3       |
|   mac_muladd_8ns_8ns_16ns_17_4_1_U54 | 1   |        | add_ln37_41 | add | dsp48  | 3       |
|   add_ln37_42_fu_3738_p2             | -   |        | add_ln37_42 | add | fabric | 0       |
|   add_ln37_43_fu_3748_p2             | -   |        | add_ln37_43 | add | fabric | 0       |
|   add_ln37_44_fu_3758_p2             | -   |        | add_ln37_44 | add | fabric | 0       |
|   mac_muladd_8ns_8ns_16ns_17_4_1_U55 | 1   |        | add_ln37_45 | add | dsp48  | 3       |
|   mac_muladd_8ns_8ns_16ns_17_4_1_U56 | 1   |        | add_ln37_46 | add | dsp48  | 3       |
|   add_ln37_47_fu_3814_p2             | -   |        | add_ln37_47 | add | fabric | 0       |
|   mac_muladd_8ns_8ns_16ns_17_4_1_U57 | 1   |        | add_ln37_48 | add | dsp48  | 3       |
|   mac_muladd_8ns_8ns_16ns_17_4_1_U58 | 1   |        | add_ln37_49 | add | dsp48  | 3       |
|   add_ln37_50_fu_3873_p2             | -   |        | add_ln37_50 | add | fabric | 0       |
|   add_ln37_51_fu_3883_p2             | -   |        | add_ln37_51 | add | fabric | 0       |
|   mac_muladd_8ns_8ns_16ns_17_4_1_U59 | 1   |        | add_ln37_52 | add | dsp48  | 3       |
|   mac_muladd_8ns_8ns_16ns_17_4_1_U60 | 1   |        | add_ln37_53 | add | dsp48  | 3       |
|   add_ln37_54_fu_3939_p2             | -   |        | add_ln37_54 | add | fabric | 0       |
|   mac_muladd_8ns_8ns_16ns_17_4_1_U61 | 1   |        | add_ln37_55 | add | dsp48  | 3       |
|   mac_muladd_8ns_8ns_16ns_17_4_1_U62 | 1   |        | add_ln37_56 | add | dsp48  | 3       |
|   add_ln37_57_fu_3979_p2             | -   |        | add_ln37_57 | add | fabric | 0       |
|   add_ln37_58_fu_3989_p2             | -   |        | add_ln37_58 | add | fabric | 0       |
|   add_ln37_59_fu_3999_p2             | -   |        | add_ln37_59 | add | fabric | 0       |
|   add_ln37_60_fu_4009_p2             | -   |        | add_ln37_60 | add | fabric | 0       |
|   add_ln37_61_fu_4064_p2             | -   |        | add_ln37_61 | add | fabric | 0       |
|   add_ln34_fu_1582_p2                | -   |        | add_ln34    | add | fabric | 0       |
+--------------------------------------+-----+--------+-------------+-----+--------+---------+


================================================================
== Bind Storage Report
================================================================
  No bind storage info in design

================================================================
== Pragma Report
================================================================
  No pragmas found

