

================================================================
== Vitis HLS Report for 'matrixMultiplication'
================================================================
* Date:           Wed Nov  6 12:43:21 2024

* Version:        2022.2 (Build 3670227 on Oct 13 2022)
* Project:        Lab1
* Solution:       solution1 (Vivado IP Flow Target)
* Product family: virtexuplus
* Target device:  xcu200-fsgd2104-2-e


================================================================
== Performance Estimates
================================================================
+ Timing: 
    * Summary: 
    +--------+----------+----------+------------+
    |  Clock |  Target  | Estimated| Uncertainty|
    +--------+----------+----------+------------+
    |ap_clk  |  10.00 ns|  5.513 ns|     2.70 ns|
    +--------+----------+----------+------------+

+ Latency: 
    * Summary: 
    +---------+---------+----------+----------+--------+--------+---------+
    |  Latency (cycles) |  Latency (absolute) |     Interval    | Pipeline|
    |   min   |   max   |    min   |    max   |   min  |   max  |   Type  |
    +---------+---------+----------+----------+--------+--------+---------+
    |   131091|   131091|  1.311 ms|  1.311 ms|  131092|  131092|       no|
    +---------+---------+----------+----------+--------+--------+---------+

    + Detail: 
        * Instance: 
        N/A

        * Loop: 
        +-----------------------------------+---------+---------+----------+-----------+-----------+------+----------+
        |                                   |  Latency (cycles) | Iteration|  Initiation Interval  | Trip |          |
        |             Loop Name             |   min   |   max   |  Latency |  achieved |   target  | Count| Pipelined|
        +-----------------------------------+---------+---------+----------+-----------+-----------+------+----------+
        |- VITIS_LOOP_33_1_VITIS_LOOP_34_2  |   131089|   131089|        50|         32|          1|  4096|       yes|
        +-----------------------------------+---------+---------+----------+-----------+-----------+------+----------+



================================================================
== Utilization Estimates
================================================================
* Summary: 
+---------------------+---------+------+---------+---------+-----+
|         Name        | BRAM_18K|  DSP |    FF   |   LUT   | URAM|
+---------------------+---------+------+---------+---------+-----+
|DSP                  |        -|    32|        -|        -|    -|
|Expression           |        -|     -|        0|     2055|    -|
|FIFO                 |        -|     -|        -|        -|    -|
|Instance             |        -|     0|        0|     1240|    -|
|Memory               |        -|     -|        -|        -|    -|
|Multiplexer          |        -|     -|        -|     1100|    -|
|Register             |        -|     -|     1465|        -|    -|
+---------------------+---------+------+---------+---------+-----+
|Total                |        0|    32|     1465|     4395|    0|
+---------------------+---------+------+---------+---------+-----+
|Available SLR        |     1440|  2280|   788160|   394080|  320|
+---------------------+---------+------+---------+---------+-----+
|Utilization SLR (%)  |        0|     1|       ~0|        1|    0|
+---------------------+---------+------+---------+---------+-----+
|Available            |     4320|  6840|  2364480|  1182240|  960|
+---------------------+---------+------+---------+---------+-----+
|Utilization (%)      |        0|    ~0|       ~0|       ~0|    0|
+---------------------+---------+------+---------+---------+-----+

+ Detail: 
    * Instance: 
    +------------------------+--------------------+---------+----+---+----+-----+
    |        Instance        |       Module       | BRAM_18K| DSP| FF| LUT| URAM|
    +------------------------+--------------------+---------+----+---+----+-----+
    |mul_8ns_8ns_16_1_1_U1   |mul_8ns_8ns_16_1_1  |        0|   0|  0|  40|    0|
    |mul_8ns_8ns_16_1_1_U2   |mul_8ns_8ns_16_1_1  |        0|   0|  0|  40|    0|
    |mul_8ns_8ns_16_1_1_U3   |mul_8ns_8ns_16_1_1  |        0|   0|  0|  40|    0|
    |mul_8ns_8ns_16_1_1_U4   |mul_8ns_8ns_16_1_1  |        0|   0|  0|  40|    0|
    |mul_8ns_8ns_16_1_1_U5   |mul_8ns_8ns_16_1_1  |        0|   0|  0|  40|    0|
    |mul_8ns_8ns_16_1_1_U6   |mul_8ns_8ns_16_1_1  |        0|   0|  0|  40|    0|
    |mul_8ns_8ns_16_1_1_U7   |mul_8ns_8ns_16_1_1  |        0|   0|  0|  40|    0|
    |mul_8ns_8ns_16_1_1_U8   |mul_8ns_8ns_16_1_1  |        0|   0|  0|  40|    0|
    |mul_8ns_8ns_16_1_1_U9   |mul_8ns_8ns_16_1_1  |        0|   0|  0|  40|    0|
    |mul_8ns_8ns_16_1_1_U10  |mul_8ns_8ns_16_1_1  |        0|   0|  0|  40|    0|
    |mul_8ns_8ns_16_1_1_U11  |mul_8ns_8ns_16_1_1  |        0|   0|  0|  40|    0|
    |mul_8ns_8ns_16_1_1_U12  |mul_8ns_8ns_16_1_1  |        0|   0|  0|  40|    0|
    |mul_8ns_8ns_16_1_1_U13  |mul_8ns_8ns_16_1_1  |        0|   0|  0|  40|    0|
    |mul_8ns_8ns_16_1_1_U14  |mul_8ns_8ns_16_1_1  |        0|   0|  0|  40|    0|
    |mul_8ns_8ns_16_1_1_U15  |mul_8ns_8ns_16_1_1  |        0|   0|  0|  40|    0|
    |mul_8ns_8ns_16_1_1_U16  |mul_8ns_8ns_16_1_1  |        0|   0|  0|  40|    0|
    |mul_8ns_8ns_16_1_1_U17  |mul_8ns_8ns_16_1_1  |        0|   0|  0|  40|    0|
    |mul_8ns_8ns_16_1_1_U18  |mul_8ns_8ns_16_1_1  |        0|   0|  0|  40|    0|
    |mul_8ns_8ns_16_1_1_U19  |mul_8ns_8ns_16_1_1  |        0|   0|  0|  40|    0|
    |mul_8ns_8ns_16_1_1_U20  |mul_8ns_8ns_16_1_1  |        0|   0|  0|  40|    0|
    |mul_8ns_8ns_16_1_1_U21  |mul_8ns_8ns_16_1_1  |        0|   0|  0|  40|    0|
    |mul_8ns_8ns_16_1_1_U22  |mul_8ns_8ns_16_1_1  |        0|   0|  0|  40|    0|
    |mul_8ns_8ns_16_1_1_U23  |mul_8ns_8ns_16_1_1  |        0|   0|  0|  40|    0|
    |mul_8ns_8ns_16_1_1_U24  |mul_8ns_8ns_16_1_1  |        0|   0|  0|  40|    0|
    |mul_8ns_8ns_16_1_1_U25  |mul_8ns_8ns_16_1_1  |        0|   0|  0|  40|    0|
    |mul_8ns_8ns_16_1_1_U26  |mul_8ns_8ns_16_1_1  |        0|   0|  0|  40|    0|
    |mul_8ns_8ns_16_1_1_U27  |mul_8ns_8ns_16_1_1  |        0|   0|  0|  40|    0|
    |mul_8ns_8ns_16_1_1_U28  |mul_8ns_8ns_16_1_1  |        0|   0|  0|  40|    0|
    |mul_8ns_8ns_16_1_1_U29  |mul_8ns_8ns_16_1_1  |        0|   0|  0|  40|    0|
    |mul_8ns_8ns_16_1_1_U30  |mul_8ns_8ns_16_1_1  |        0|   0|  0|  40|    0|
    |mul_8ns_8ns_16_1_1_U31  |mul_8ns_8ns_16_1_1  |        0|   0|  0|  40|    0|
    +------------------------+--------------------+---------+----+---+----+-----+
    |Total                   |                    |        0|   0|  0|1240|    0|
    +------------------------+--------------------+---------+----+---+----+-----+

    * DSP: 
    +------------------------------------+--------------------------------+--------------+
    |              Instance              |             Module             |  Expression  |
    +------------------------------------+--------------------------------+--------------+
    |mac_muladd_8ns_8ns_16ns_17_4_1_U32  |mac_muladd_8ns_8ns_16ns_17_4_1  |  i0 + i1 * i2|
    |mac_muladd_8ns_8ns_16ns_17_4_1_U33  |mac_muladd_8ns_8ns_16ns_17_4_1  |  i0 + i1 * i2|
    |mac_muladd_8ns_8ns_16ns_17_4_1_U34  |mac_muladd_8ns_8ns_16ns_17_4_1  |  i0 + i1 * i2|
    |mac_muladd_8ns_8ns_16ns_17_4_1_U35  |mac_muladd_8ns_8ns_16ns_17_4_1  |  i0 + i1 * i2|
    |mac_muladd_8ns_8ns_16ns_17_4_1_U36  |mac_muladd_8ns_8ns_16ns_17_4_1  |  i0 + i1 * i2|
    |mac_muladd_8ns_8ns_16ns_17_4_1_U37  |mac_muladd_8ns_8ns_16ns_17_4_1  |  i0 + i1 * i2|
    |mac_muladd_8ns_8ns_16ns_17_4_1_U38  |mac_muladd_8ns_8ns_16ns_17_4_1  |  i0 + i1 * i2|
    |mac_muladd_8ns_8ns_16ns_17_4_1_U39  |mac_muladd_8ns_8ns_16ns_17_4_1  |  i0 + i1 * i2|
    |mac_muladd_8ns_8ns_16ns_17_4_1_U40  |mac_muladd_8ns_8ns_16ns_17_4_1  |  i0 + i1 * i2|
    |mac_muladd_8ns_8ns_16ns_17_4_1_U41  |mac_muladd_8ns_8ns_16ns_17_4_1  |  i0 + i1 * i2|
    |mac_muladd_8ns_8ns_16ns_17_4_1_U42  |mac_muladd_8ns_8ns_16ns_17_4_1  |  i0 + i1 * i2|
    |mac_muladd_8ns_8ns_16ns_17_4_1_U43  |mac_muladd_8ns_8ns_16ns_17_4_1  |  i0 + i1 * i2|
    |mac_muladd_8ns_8ns_16ns_17_4_1_U44  |mac_muladd_8ns_8ns_16ns_17_4_1  |  i0 + i1 * i2|
    |mac_muladd_8ns_8ns_16ns_17_4_1_U45  |mac_muladd_8ns_8ns_16ns_17_4_1  |  i0 + i1 * i2|
    |mac_muladd_8ns_8ns_16ns_17_4_1_U46  |mac_muladd_8ns_8ns_16ns_17_4_1  |  i0 + i1 * i2|
    |mac_muladd_8ns_8ns_16ns_17_4_1_U47  |mac_muladd_8ns_8ns_16ns_17_4_1  |  i0 + i1 * i2|
    |mac_muladd_8ns_8ns_16ns_17_4_1_U48  |mac_muladd_8ns_8ns_16ns_17_4_1  |  i0 + i1 * i2|
    |mac_muladd_8ns_8ns_16ns_17_4_1_U49  |mac_muladd_8ns_8ns_16ns_17_4_1  |  i0 + i1 * i2|
    |mac_muladd_8ns_8ns_16ns_17_4_1_U50  |mac_muladd_8ns_8ns_16ns_17_4_1  |  i0 + i1 * i2|
    |mac_muladd_8ns_8ns_16ns_17_4_1_U51  |mac_muladd_8ns_8ns_16ns_17_4_1  |  i0 + i1 * i2|
    |mac_muladd_8ns_8ns_16ns_17_4_1_U52  |mac_muladd_8ns_8ns_16ns_17_4_1  |  i0 + i1 * i2|
    |mac_muladd_8ns_8ns_16ns_17_4_1_U53  |mac_muladd_8ns_8ns_16ns_17_4_1  |  i0 + i1 * i2|
    |mac_muladd_8ns_8ns_16ns_17_4_1_U54  |mac_muladd_8ns_8ns_16ns_17_4_1  |  i0 + i1 * i2|
    |mac_muladd_8ns_8ns_16ns_17_4_1_U55  |mac_muladd_8ns_8ns_16ns_17_4_1  |  i0 + i1 * i2|
    |mac_muladd_8ns_8ns_16ns_17_4_1_U56  |mac_muladd_8ns_8ns_16ns_17_4_1  |  i0 + i1 * i2|
    |mac_muladd_8ns_8ns_16ns_17_4_1_U57  |mac_muladd_8ns_8ns_16ns_17_4_1  |  i0 + i1 * i2|
    |mac_muladd_8ns_8ns_16ns_17_4_1_U58  |mac_muladd_8ns_8ns_16ns_17_4_1  |  i0 + i1 * i2|
    |mac_muladd_8ns_8ns_16ns_17_4_1_U59  |mac_muladd_8ns_8ns_16ns_17_4_1  |  i0 + i1 * i2|
    |mac_muladd_8ns_8ns_16ns_17_4_1_U60  |mac_muladd_8ns_8ns_16ns_17_4_1  |  i0 + i1 * i2|
    |mac_muladd_8ns_8ns_16ns_17_4_1_U61  |mac_muladd_8ns_8ns_16ns_17_4_1  |  i0 + i1 * i2|
    |mac_muladd_8ns_8ns_16ns_17_4_1_U62  |mac_muladd_8ns_8ns_16ns_17_4_1  |  i0 + i1 * i2|
    |mac_muladd_8ns_8ns_17ns_18_4_1_U63  |mac_muladd_8ns_8ns_17ns_18_4_1  |  i0 + i1 * i2|
    +------------------------------------+--------------------------------+--------------+

    * Memory: 
    N/A

    * FIFO: 
    N/A

    * Expression: 
    +----------------------------+----------+----+---+----+------------+------------+
    |        Variable Name       | Operation| DSP| FF| LUT| Bitwidth P0| Bitwidth P1|
    +----------------------------+----------+----+---+----+------------+------------+
    |add_ln33_1_fu_1501_p2       |         +|   0|  0|  20|          13|           1|
    |add_ln33_fu_1510_p2         |         +|   0|  0|  14|           7|           1|
    |add_ln34_fu_1582_p2         |         +|   0|  0|  14|           7|           1|
    |add_ln35_fu_2076_p2         |         +|   0|  0|  19|          12|          12|
    |add_ln37_11_fu_2892_p2      |         +|   0|  0|  25|          18|          18|
    |add_ln37_12_fu_2902_p2      |         +|   0|  0|  26|          19|          19|
    |add_ln37_13_fu_4038_p2      |         +|   0|  0|  27|          20|          20|
    |add_ln37_16_fu_3058_p2      |         +|   0|  0|  25|          18|          18|
    |add_ln37_19_fu_3205_p2      |         +|   0|  0|  25|          18|          18|
    |add_ln37_20_fu_3215_p2      |         +|   0|  0|  26|          19|          19|
    |add_ln37_23_fu_3361_p2      |         +|   0|  0|  25|          18|          18|
    |add_ln37_26_fu_3459_p2      |         +|   0|  0|  25|          18|          18|
    |add_ln37_27_fu_3469_p2      |         +|   0|  0|  26|          19|          19|
    |add_ln37_28_fu_3479_p2      |         +|   0|  0|  27|          20|          20|
    |add_ln37_29_fu_4051_p2      |         +|   0|  0|  28|          21|          21|
    |add_ln37_32_fu_3539_p2      |         +|   0|  0|  25|          18|          18|
    |add_ln37_35_fu_3602_p2      |         +|   0|  0|  25|          18|          18|
    |add_ln37_36_fu_3612_p2      |         +|   0|  0|  26|          19|          19|
    |add_ln37_39_fu_3672_p2      |         +|   0|  0|  25|          18|          18|
    |add_ln37_42_fu_3738_p2      |         +|   0|  0|  25|          18|          18|
    |add_ln37_43_fu_3748_p2      |         +|   0|  0|  26|          19|          19|
    |add_ln37_44_fu_3758_p2      |         +|   0|  0|  27|          20|          20|
    |add_ln37_47_fu_3814_p2      |         +|   0|  0|  25|          18|          18|
    |add_ln37_4_fu_2593_p2       |         +|   0|  0|  25|          18|          18|
    |add_ln37_50_fu_3873_p2      |         +|   0|  0|  25|          18|          18|
    |add_ln37_51_fu_3883_p2      |         +|   0|  0|  26|          19|          19|
    |add_ln37_54_fu_3939_p2      |         +|   0|  0|  25|          18|          18|
    |add_ln37_57_fu_3979_p2      |         +|   0|  0|  25|          18|          18|
    |add_ln37_58_fu_3989_p2      |         +|   0|  0|  26|          19|          19|
    |add_ln37_59_fu_3999_p2      |         +|   0|  0|  27|          20|          20|
    |add_ln37_5_fu_4025_p2       |         +|   0|  0|  26|          19|          19|
    |add_ln37_60_fu_4009_p2      |         +|   0|  0|  28|          21|          21|
    |add_ln37_61_fu_4064_p2      |         +|   0|  0|  29|          22|          22|
    |add_ln37_62_fu_2276_p2      |         +|   0|  0|  15|           8|           7|
    |add_ln37_63_fu_1571_p2      |         +|   0|  0|  16|           9|           8|
    |add_ln37_64_fu_1628_p2      |         +|   0|  0|  16|           9|           9|
    |add_ln37_65_fu_1638_p2      |         +|   0|  0|  17|          10|           9|
    |add_ln37_66_fu_1671_p2      |         +|   0|  0|  17|          10|          10|
    |add_ln37_67_fu_1681_p2      |         +|   0|  0|  17|          10|          10|
    |add_ln37_68_fu_1724_p2      |         +|   0|  0|  18|          11|          10|
    |add_ln37_69_fu_1757_p2      |         +|   0|  0|  18|          11|          11|
    |add_ln37_70_fu_1767_p2      |         +|   0|  0|  18|          11|          11|
    |add_ln37_71_fu_1799_p2      |         +|   0|  0|  18|          11|          11|
    |add_ln37_72_fu_1809_p2      |         +|   0|  0|  18|          11|          11|
    |add_ln37_73_fu_1890_p2      |         +|   0|  0|  19|          12|          11|
    |add_ln37_74_fu_1923_p2      |         +|   0|  0|  19|          12|          12|
    |add_ln37_75_fu_1933_p2      |         +|   0|  0|  19|          12|          12|
    |add_ln37_76_fu_1965_p2      |         +|   0|  0|  19|          12|          12|
    |add_ln37_77_fu_1975_p2      |         +|   0|  0|  19|          12|          12|
    |add_ln37_78_fu_2007_p2      |         +|   0|  0|  19|          12|          12|
    |add_ln37_79_fu_2017_p2      |         +|   0|  0|  19|          12|          12|
    |add_ln37_80_fu_2056_p2      |         +|   0|  0|  19|          12|          12|
    |add_ln37_81_fu_2066_p2      |         +|   0|  0|  19|          12|          12|
    |add_ln37_8_fu_2737_p2       |         +|   0|  0|  25|          18|          18|
    |ap_condition_1538           |       and|   0|  0|   2|           1|           1|
    |icmp_ln33_fu_1495_p2        |      icmp|   0|  0|  12|          13|          14|
    |icmp_ln34_fu_1520_p2        |      icmp|   0|  0|  11|           7|           8|
    |or_ln33_10_fu_1660_p2       |        or|   0|  0|  12|          12|           4|
    |or_ln33_11_fu_2398_p2       |        or|   0|  0|  12|          12|           4|
    |or_ln33_12_fu_1691_p2       |        or|   0|  0|  12|          12|           4|
    |or_ln33_13_fu_2455_p2       |        or|   0|  0|  12|          12|           4|
    |or_ln33_14_fu_1702_p2       |        or|   0|  0|  12|          12|           4|
    |or_ln33_15_fu_2466_p2       |        or|   0|  0|  12|          12|           5|
    |or_ln33_16_fu_1735_p2       |        or|   0|  0|  12|          12|           5|
    |or_ln33_17_fu_2523_p2       |        or|   0|  0|  12|          12|           5|
    |or_ln33_18_fu_1746_p2       |        or|   0|  0|  12|          12|           5|
    |or_ln33_19_fu_2534_p2       |        or|   0|  0|  12|          12|           5|
    |or_ln33_1_fu_3409_p2        |        or|   0|  0|  12|          12|           2|
    |or_ln33_20_fu_1777_p2       |        or|   0|  0|  12|          12|           5|
    |or_ln33_21_fu_2607_p2       |        or|   0|  0|  12|          12|           5|
    |or_ln33_22_fu_1788_p2       |        or|   0|  0|  12|          12|           5|
    |or_ln33_23_fu_2618_p2       |        or|   0|  0|  12|          12|           5|
    |or_ln33_24_fu_1819_p2       |        or|   0|  0|  12|          12|           5|
    |or_ln33_25_fu_2675_p2       |        or|   0|  0|  12|          12|           5|
    |or_ln33_26_fu_1830_p2       |        or|   0|  0|  12|          12|           5|
    |or_ln33_27_fu_2686_p2       |        or|   0|  0|  12|          12|           5|
    |or_ln33_28_fu_1857_p2       |        or|   0|  0|  12|          12|           5|
    |or_ln33_29_fu_2751_p2       |        or|   0|  0|  12|          12|           5|
    |or_ln33_2_fu_1556_p2        |        or|   0|  0|  12|          12|           2|
    |or_ln33_30_fu_1868_p2       |        or|   0|  0|  12|          12|           5|
    |or_ln33_31_fu_2762_p2       |        or|   0|  0|  12|          12|           6|
    |or_ln33_32_fu_1901_p2       |        or|   0|  0|  12|          12|           6|
    |or_ln33_33_fu_2819_p2       |        or|   0|  0|  12|          12|           6|
    |or_ln33_34_fu_1912_p2       |        or|   0|  0|  12|          12|           6|
    |or_ln33_35_fu_2830_p2       |        or|   0|  0|  12|          12|           6|
    |or_ln33_36_fu_1943_p2       |        or|   0|  0|  12|          12|           6|
    |or_ln33_37_fu_2916_p2       |        or|   0|  0|  12|          12|           6|
    |or_ln33_38_fu_1954_p2       |        or|   0|  0|  12|          12|           6|
    |or_ln33_39_fu_2927_p2       |        or|   0|  0|  12|          12|           6|
    |or_ln33_3_fu_2258_p2        |        or|   0|  0|  12|          12|           3|
    |or_ln33_40_fu_1985_p2       |        or|   0|  0|  12|          12|           6|
    |or_ln33_41_fu_2988_p2       |        or|   0|  0|  12|          12|           6|
    |or_ln33_42_fu_1996_p2       |        or|   0|  0|  12|          12|           6|
    |or_ln33_43_fu_2999_p2       |        or|   0|  0|  12|          12|           6|
    |or_ln33_44_fu_2034_p2       |        or|   0|  0|  12|          12|           6|
    |or_ln33_45_fu_3072_p2       |        or|   0|  0|  12|          12|           6|
    |or_ln33_46_fu_2045_p2       |        or|   0|  0|  12|          12|           6|
    |or_ln33_47_fu_3083_p2       |        or|   0|  0|  12|          12|           6|
    |or_ln33_48_fu_2081_p2       |        or|   0|  0|  12|          12|           6|
    |or_ln33_49_fu_3140_p2       |        or|   0|  0|  12|          12|           6|
    |or_ln33_4_fu_1603_p2        |        or|   0|  0|  12|          12|           3|
    |or_ln33_50_fu_2092_p2       |        or|   0|  0|  12|          12|           6|
    |or_ln33_51_fu_3151_p2       |        or|   0|  0|  12|          12|           6|
    |or_ln33_52_fu_2119_p2       |        or|   0|  0|  12|          12|           6|
    |or_ln33_53_fu_3228_p2       |        or|   0|  0|  12|          12|           6|
    |or_ln33_54_fu_2130_p2       |        or|   0|  0|  12|          12|           6|
    |or_ln33_55_fu_3239_p2       |        or|   0|  0|  12|          12|           6|
    |or_ln33_56_fu_2157_p2       |        or|   0|  0|  12|          12|           6|
    |or_ln33_57_fu_3290_p2       |        or|   0|  0|  12|          12|           6|
    |or_ln33_58_fu_2168_p2       |        or|   0|  0|  12|          12|           6|
    |or_ln33_59_fu_3306_p2       |        or|   0|  0|  12|          12|           6|
    |or_ln33_5_fu_2307_p2        |        or|   0|  0|  12|          12|           3|
    |or_ln33_60_fu_2199_p2       |        or|   0|  0|  12|          12|           6|
    |or_ln33_61_fu_3374_p2       |        or|   0|  0|  12|          12|           6|
    |or_ln33_62_fu_2210_p2       |        or|   0|  0|  12|          12|           6|
    |or_ln33_6_fu_1614_p2        |        or|   0|  0|  12|          12|           3|
    |or_ln33_7_fu_2322_p2        |        or|   0|  0|  12|          12|           4|
    |or_ln33_8_fu_1649_p2        |        or|   0|  0|  12|          12|           4|
    |or_ln33_9_fu_2387_p2        |        or|   0|  0|  12|          12|           4|
    |or_ln33_fu_2247_p2          |        or|   0|  0|  12|          12|           1|
    |grp_fu_1315_p3              |    select|   0|  0|  12|           1|          12|
    |grp_fu_1320_p3              |    select|   0|  0|  12|           1|          12|
    |select_ln33_124_fu_3301_p3  |    select|   0|  0|  12|           1|          12|
    |select_ln33_126_fu_3317_p3  |    select|   0|  0|  12|           1|          12|
    |select_ln33_1_fu_1544_p3    |    select|   0|  0|   7|           1|           7|
    |select_ln33_fu_1527_p3      |    select|   0|  0|   7|           1|           1|
    |ap_enable_pp0               |       xor|   0|  0|   2|           1|           2|
    |xor_ln37_fu_2229_p2         |       xor|   0|  0|   8|           7|           8|
    +----------------------------+----------+----+---+----+------------+------------+
    |Total                       |          |   0|  0|2055|        1615|        1205|
    +----------------------------+----------+----+---+----+------------+------------+

    * Multiplexer: 
    +--------------------------------------+-----+-----------+-----+-----------+
    |                 Name                 | LUT | Input Size| Bits| Total Bits|
    +--------------------------------------+-----+-----------+-----+-----------+
    |A_address0                            |  152|         33|   12|        396|
    |A_address1                            |  148|         32|   12|        384|
    |B_address0                            |  152|         33|   12|        396|
    |B_address1                            |  148|         32|   12|        384|
    |ap_NS_fsm                             |  152|         33|    1|         33|
    |ap_done_int                           |    9|          2|    1|          2|
    |ap_enable_reg_pp0_iter0               |    9|          2|    1|          2|
    |ap_enable_reg_pp0_iter0_reg           |    9|          2|    1|          2|
    |ap_enable_reg_pp0_iter1               |    9|          2|    1|          2|
    |ap_sig_allocacmp_i_1                  |    9|          2|    7|         14|
    |ap_sig_allocacmp_indvar_flatten_load  |    9|          2|   13|         26|
    |ap_sig_allocacmp_j_load               |    9|          2|    7|         14|
    |grp_fu_1315_p0                        |   14|          3|    1|          3|
    |grp_fu_1315_p1                        |   14|          3|   12|         36|
    |grp_fu_1315_p2                        |   14|          3|   12|         36|
    |i_fu_268                              |    9|          2|    7|         14|
    |indvar_flatten_fu_272                 |    9|          2|   13|         26|
    |j_fu_264                              |    9|          2|    7|         14|
    |reg_1325                              |    9|          2|    8|         16|
    |reg_1330                              |    9|          2|    8|         16|
    |reg_1335                              |    9|          2|    8|         16|
    |reg_1340                              |    9|          2|    8|         16|
    |reg_1345                              |    9|          2|    8|         16|
    |reg_1350                              |    9|          2|    8|         16|
    |reg_1355                              |    9|          2|    8|         16|
    |reg_1360                              |    9|          2|    8|         16|
    |reg_1365                              |    9|          2|    8|         16|
    |reg_1370                              |    9|          2|    8|         16|
    |reg_1375                              |    9|          2|    8|         16|
    |reg_1384                              |    9|          2|    8|         16|
    |reg_1393                              |    9|          2|    8|         16|
    |reg_1402                              |    9|          2|    8|         16|
    |reg_1411                              |    9|          2|    8|         16|
    |reg_1416                              |    9|          2|    8|         16|
    |reg_1421                              |    9|          2|    8|         16|
    |reg_1426                              |    9|          2|    8|         16|
    |reg_1431                              |    9|          2|    8|         16|
    |reg_1436                              |    9|          2|    8|         16|
    |reg_1441                              |    9|          2|    8|         16|
    |reg_1446                              |    9|          2|    8|         16|
    |reg_1451                              |    9|          2|    8|         16|
    |reg_1456                              |    9|          2|    8|         16|
    +--------------------------------------+-----+-----------+-----+-----------+
    |Total                                 | 1100|        240|  324|       2168|
    +--------------------------------------+-----+-----------+-----+-----------+

    * Register: 
    +---------------------------------+----+----+-----+-----------+
    |               Name              | FF | LUT| Bits| Const Bits|
    +---------------------------------+----+----+-----+-----------+
    |A_load_1_reg_5764                |   8|   0|    8|          0|
    |A_load_30_reg_4647               |   8|   0|    8|          0|
    |A_load_32_reg_4677               |   8|   0|    8|          0|
    |A_load_34_reg_4682               |   8|   0|    8|          0|
    |A_load_36_reg_4717               |   8|   0|    8|          0|
    |A_load_38_reg_4722               |   8|   0|    8|          0|
    |A_load_40_reg_4757               |   8|   0|    8|          0|
    |A_load_42_reg_4762               |   8|   0|    8|          0|
    |A_load_44_reg_4802               |   8|   0|    8|          0|
    |A_load_46_reg_4807               |   8|   0|    8|          0|
    |A_load_48_reg_4842               |   8|   0|    8|          0|
    |A_load_49_reg_5549               |   8|   0|    8|          0|
    |A_load_50_reg_4847               |   8|   0|    8|          0|
    |A_load_51_reg_5554               |   8|   0|    8|          0|
    |A_load_52_reg_4882               |   8|   0|    8|          0|
    |A_load_53_reg_5614               |   8|   0|    8|          0|
    |A_load_54_reg_4887               |   8|   0|    8|          0|
    |A_load_55_reg_5619               |   8|   0|    8|          0|
    |A_load_56_reg_4927               |   8|   0|    8|          0|
    |A_load_57_reg_5679               |   8|   0|    8|          0|
    |A_load_58_reg_4932               |   8|   0|    8|          0|
    |A_load_59_reg_5684               |   8|   0|    8|          0|
    |A_load_60_reg_4987               |   8|   0|    8|          0|
    |A_load_61_reg_5734               |   8|   0|    8|          0|
    |A_load_62_reg_4992               |   8|   0|    8|          0|
    |B_load_1_reg_5774                |   8|   0|    8|          0|
    |B_load_30_reg_4672               |   8|   0|    8|          0|
    |B_load_32_reg_4707               |   8|   0|    8|          0|
    |B_load_34_reg_4712               |   8|   0|    8|          0|
    |B_load_36_reg_4747               |   8|   0|    8|          0|
    |B_load_38_reg_4752               |   8|   0|    8|          0|
    |B_load_40_reg_4792               |   8|   0|    8|          0|
    |B_load_42_reg_4797               |   8|   0|    8|          0|
    |B_load_44_reg_4832               |   8|   0|    8|          0|
    |B_load_46_reg_4837               |   8|   0|    8|          0|
    |B_load_48_reg_4872               |   8|   0|    8|          0|
    |B_load_49_reg_5589               |   8|   0|    8|          0|
    |B_load_50_reg_4877               |   8|   0|    8|          0|
    |B_load_51_reg_5594               |   8|   0|    8|          0|
    |B_load_52_reg_4912               |   8|   0|    8|          0|
    |B_load_53_reg_5659               |   8|   0|    8|          0|
    |B_load_54_reg_4917               |   8|   0|    8|          0|
    |B_load_55_reg_5664               |   8|   0|    8|          0|
    |B_load_56_reg_4962               |   8|   0|    8|          0|
    |B_load_57_reg_5709               |   8|   0|    8|          0|
    |B_load_58_reg_4967               |   8|   0|    8|          0|
    |B_load_59_reg_5714               |   8|   0|    8|          0|
    |B_load_60_reg_5019               |   8|   0|    8|          0|
    |B_load_61_reg_5754               |   8|   0|    8|          0|
    |B_load_62_reg_5024               |   8|   0|    8|          0|
    |add_ln35_reg_4787                |  12|   0|   12|          0|
    |add_ln35_reg_4787_pp0_iter1_reg  |  12|   0|   12|          0|
    |add_ln37_12_reg_5379             |  19|   0|   19|          0|
    |add_ln37_14_reg_5419             |  17|   0|   17|          0|
    |add_ln37_16_reg_5459             |  18|   0|   18|          0|
    |add_ln37_17_reg_5499             |  17|   0|   17|          0|
    |add_ln37_20_reg_5539             |  19|   0|   19|          0|
    |add_ln37_21_reg_5599             |  17|   0|   17|          0|
    |add_ln37_23_reg_5669             |  18|   0|   18|          0|
    |add_ln37_24_reg_5719             |  17|   0|   17|          0|
    |add_ln37_28_reg_5759             |  20|   0|   20|          0|
    |add_ln37_2_reg_5164              |  17|   0|   17|          0|
    |add_ln37_30_reg_5789             |  17|   0|   17|          0|
    |add_ln37_32_reg_5809             |  18|   0|   18|          0|
    |add_ln37_33_reg_5829             |  17|   0|   17|          0|
    |add_ln37_36_reg_5849             |  19|   0|   19|          0|
    |add_ln37_37_reg_5869             |  17|   0|   17|          0|
    |add_ln37_39_reg_5889             |  18|   0|   18|          0|
    |add_ln37_40_reg_5909             |  17|   0|   17|          0|
    |add_ln37_44_reg_5929             |  20|   0|   20|          0|
    |add_ln37_45_reg_5949             |  17|   0|   17|          0|
    |add_ln37_47_reg_5969             |  18|   0|   18|          0|
    |add_ln37_48_reg_5989             |  17|   0|   17|          0|
    |add_ln37_4_reg_5214              |  18|   0|   18|          0|
    |add_ln37_51_reg_6009             |  19|   0|   19|          0|
    |add_ln37_52_reg_6029             |  17|   0|   17|          0|
    |add_ln37_54_reg_6049             |  18|   0|   18|          0|
    |add_ln37_55_reg_6059             |  17|   0|   17|          0|
    |add_ln37_60_reg_6069             |  21|   0|   21|          0|
    |add_ln37_64_reg_4457             |   9|   0|    9|          0|
    |add_ln37_66_reg_4484             |  10|   0|   10|          0|
    |add_ln37_67_reg_4495             |  10|   0|   10|          0|
    |add_ln37_69_reg_4544             |  11|   0|   11|          0|
    |add_ln37_6_reg_5259              |  17|   0|   17|          0|
    |add_ln37_70_reg_4554             |  11|   0|   11|          0|
    |add_ln37_71_reg_4574             |  11|   0|   11|          0|
    |add_ln37_72_reg_4584             |  11|   0|   11|          0|
    |add_ln37_8_reg_5299              |  18|   0|   18|          0|
    |add_ln37_9_reg_5339              |  17|   0|   17|          0|
    |add_ln37_reg_5119                |  17|   0|   17|          0|
    |ap_CS_fsm                        |  32|   0|   32|          0|
    |ap_done_reg                      |   1|   0|    1|          0|
    |ap_enable_reg_pp0_iter0_reg      |   1|   0|    1|          0|
    |ap_enable_reg_pp0_iter1          |   1|   0|    1|          0|
    |i_fu_268                         |   7|   0|    7|          0|
    |icmp_ln33_reg_4376               |   1|   0|    1|          0|
    |icmp_ln34_reg_4380               |   1|   0|    1|          0|
    |indvar_flatten_fu_272            |  13|   0|   13|          0|
    |j_fu_264                         |   7|   0|    7|          0|
    |reg_1325                         |   8|   0|    8|          0|
    |reg_1330                         |   8|   0|    8|          0|
    |reg_1335                         |   8|   0|    8|          0|
    |reg_1340                         |   8|   0|    8|          0|
    |reg_1345                         |   8|   0|    8|          0|
    |reg_1350                         |   8|   0|    8|          0|
    |reg_1355                         |   8|   0|    8|          0|
    |reg_1360                         |   8|   0|    8|          0|
    |reg_1365                         |   8|   0|    8|          0|
    |reg_1370                         |   8|   0|    8|          0|
    |reg_1375                         |   8|   0|    8|          0|
    |reg_1380                         |   8|   0|    8|          0|
    |reg_1384                         |   8|   0|    8|          0|
    |reg_1389                         |   8|   0|    8|          0|
    |reg_1393                         |   8|   0|    8|          0|
    |reg_1398                         |   8|   0|    8|          0|
    |reg_1402                         |   8|   0|    8|          0|
    |reg_1407                         |   8|   0|    8|          0|
    |reg_1411                         |   8|   0|    8|          0|
    |reg_1416                         |   8|   0|    8|          0|
    |reg_1421                         |   8|   0|    8|          0|
    |reg_1426                         |   8|   0|    8|          0|
    |reg_1431                         |   8|   0|    8|          0|
    |reg_1436                         |   8|   0|    8|          0|
    |reg_1441                         |   8|   0|    8|          0|
    |reg_1446                         |   8|   0|    8|          0|
    |reg_1451                         |   8|   0|    8|          0|
    |reg_1456                         |   8|   0|    8|          0|
    |select_ln33_126_reg_5634         |   6|   0|   12|          6|
    |select_ln33_66_reg_5604          |  12|   0|   12|          0|
    |select_ln33_reg_4388             |   7|   0|    7|          0|
    |tmp_129_cast_reg_5044            |   7|   0|    8|          1|
    |tmp_130_cast_reg_5002            |   7|   0|    9|          2|
    |tmp_132_cast_reg_5057            |   7|   0|   10|          3|
    |tmp_133_cast_reg_5093            |   7|   0|   10|          3|
    |tmp_136_cast_reg_5144            |   7|   0|   11|          4|
    |tmp_137_cast_reg_5184            |   7|   0|   11|          4|
    |tmp_138_cast_reg_5194            |   7|   0|   11|          4|
    |tmp_139_cast_reg_5234            |   7|   0|   11|          4|
    |tmp_reg_4368                     |   6|   0|   12|          6|
    |tmp_s_reg_4413                   |   6|   0|   12|          6|
    |trunc_ln35_reg_4421              |   6|   0|    6|          0|
    |zext_ln37_251_reg_4624           |   7|   0|   12|          5|
    |zext_ln37_252_reg_4431           |   7|   0|    9|          2|
    |zext_ln37_253_reg_4451           |   7|   0|   10|          3|
    |zext_ln37_254_reg_4516           |   7|   0|   11|          4|
    +---------------------------------+----+----+-----+-----------+
    |Total                            |1465|   0| 1522|         57|
    +---------------------------------+----+----+-----+-----------+



================================================================
== Interface
================================================================
* Summary: 
+-------------+-----+-----+------------+----------------------+--------------+
|  RTL Ports  | Dir | Bits|  Protocol  |     Source Object    |    C Type    |
+-------------+-----+-----+------------+----------------------+--------------+
|ap_clk       |   in|    1|  ap_ctrl_hs|  matrixMultiplication|  return value|
|ap_rst       |   in|    1|  ap_ctrl_hs|  matrixMultiplication|  return value|
|ap_start     |   in|    1|  ap_ctrl_hs|  matrixMultiplication|  return value|
|ap_done      |  out|    1|  ap_ctrl_hs|  matrixMultiplication|  return value|
|ap_idle      |  out|    1|  ap_ctrl_hs|  matrixMultiplication|  return value|
|ap_ready     |  out|    1|  ap_ctrl_hs|  matrixMultiplication|  return value|
|A_address0   |  out|   12|   ap_memory|                     A|         array|
|A_ce0        |  out|    1|   ap_memory|                     A|         array|
|A_q0         |   in|    8|   ap_memory|                     A|         array|
|A_address1   |  out|   12|   ap_memory|                     A|         array|
|A_ce1        |  out|    1|   ap_memory|                     A|         array|
|A_q1         |   in|    8|   ap_memory|                     A|         array|
|B_address0   |  out|   12|   ap_memory|                     B|         array|
|B_ce0        |  out|    1|   ap_memory|                     B|         array|
|B_q0         |   in|    8|   ap_memory|                     B|         array|
|B_address1   |  out|   12|   ap_memory|                     B|         array|
|B_ce1        |  out|    1|   ap_memory|                     B|         array|
|B_q1         |   in|    8|   ap_memory|                     B|         array|
|AB_address0  |  out|   12|   ap_memory|                    AB|         array|
|AB_ce0       |  out|    1|   ap_memory|                    AB|         array|
|AB_we0       |  out|    1|   ap_memory|                    AB|         array|
|AB_d0        |  out|   32|   ap_memory|                    AB|         array|
+-------------+-----+-----+------------+----------------------+--------------+

