11/06/24 12:42:48: Running xcd server. This server was NOT built by gradle, but presumably rdi.
11/06/24 12:42:48: Server was asked to start on port: '11211'
11/06/24 12:42:48: Server is using token UUID: '0105222c-46bb-4b6a-8fd3-769555885c9b'
11/06/24 12:42:48: SESSION_MGR: creating session with session uuid: '6d04a3e9-ade5-4ab9-8d63-1f78fcd2ec76' and name 'default'
11/06/24 12:42:48: Attempting to start server on port '11211'
11/06/24 12:42:48: Running Dispatch Server
11/06/24 12:42:48: Version 2.2.0
11/06/24 12:42:56: Dispatch Server: Accepted socket connection from client
11/06/24 12:42:56: Starting Socket connection
11/06/24 12:42:56: EXCHANGE_TOKEN received, server token: 0105222c-46bb-4b6a-8fd3-769555885c9b, passed token: 0105222c-46bb-4b6a-8fd3-769555885c9b
11/06/24 12:42:56: SESSION_MGR: creating session with session uuid: '1ff97d56-b2e7-40d8-95a6-0d6b0a54947e' and name 'vitis_hls'
11/06/24 12:42:56: KERNEL_SVC: creating session with uuid: '1ff97d56-b2e7-40d8-95a6-0d6b0a54947e' and name 'vitis_hls'
11/06/24 12:42:56: GUIDANCE_SMGR: creating guidance session with uuid: '1ff97d56-b2e7-40d8-95a6-0d6b0a54947e' and name 'vitis_hls'
11/06/24 12:43:30: STOP_SERVER received, server token: 0105222c-46bb-4b6a-8fd3-769555885c9b, passed token: 0105222c-46bb-4b6a-8fd3-769555885c9b
11/06/24 12:43:30: Socket received request to stop server.
11/06/24 12:43:30: Dispatch Server: do_await_stop
11/06/24 12:43:30: SERVER: destructor for server bound to port 11211
11/06/24 12:43:30: Server exiting with status 0.
11/06/24 12:43:30: Closing log file.
11/06/24 13:11:50: Running xcd server. This server was NOT built by gradle, but presumably rdi.
11/06/24 13:11:50: Server was asked to start on port: '12017'
11/06/24 13:11:50: Server is using token UUID: 'b3b79c51-3736-4d0e-b8f2-264c9523f723'
11/06/24 13:11:50: SESSION_MGR: creating session with session uuid: '6d04a3e9-ade5-4ab9-8d63-1f78fcd2ec76' and name 'default'
11/06/24 13:11:50: Attempting to start server on port '12017'
11/06/24 13:11:50: Running Dispatch Server
11/06/24 13:11:50: Version 2.2.0
11/06/24 13:11:57: Dispatch Server: Accepted socket connection from client
11/06/24 13:11:57: Starting Socket connection
11/06/24 13:11:57: EXCHANGE_TOKEN received, server token: b3b79c51-3736-4d0e-b8f2-264c9523f723, passed token: b3b79c51-3736-4d0e-b8f2-264c9523f723
11/06/24 13:11:57: SESSION_MGR: creating session with session uuid: '4be42a06-2ae4-4c19-b162-93388ce23bb1' and name 'vitis_hls'
11/06/24 13:11:57: KERNEL_SVC: creating session with uuid: '4be42a06-2ae4-4c19-b162-93388ce23bb1' and name 'vitis_hls'
11/06/24 13:11:57: GUIDANCE_SMGR: creating guidance session with uuid: '4be42a06-2ae4-4c19-b162-93388ce23bb1' and name 'vitis_hls'
11/06/24 13:13:10: STOP_SERVER received, server token: b3b79c51-3736-4d0e-b8f2-264c9523f723, passed token: b3b79c51-3736-4d0e-b8f2-264c9523f723
11/06/24 13:13:10: Socket received request to stop server.
11/06/24 13:13:10: Dispatch Server: do_await_stop
11/06/24 13:13:10: SERVER: destructor for server bound to port 12017
11/06/24 13:13:10: Server exiting with status 0.
11/06/24 13:13:10: Closing log file.
